<?xml version="1.0" encoding="UTF-8"?>
<!-- Generated by org.testng.reporters.JUnitXMLReporter -->
<testsuite ignored="1" hostname="AslamBasha" failures="0" tests="1" name="Verify Logo on Firefox" time="9.402" errors="0" timestamp="2023-05-11T09:59:14 IST">
  <testcase classname="SeleniumWebdriver.Assignment.MakeMyTripTest" name="verifyLogoPresent" time="0.123"/>
  <testcase classname="SeleniumWebdriver.Assignment.MakeMyTripTest" name="searchFlights" time="0.0">
    <ignored/>
  </testcase> <!-- searchFlights -->
</testsuite> <!-- Verify Logo on Firefox -->
